<?xml version="1.0" encoding="UTF-8"?>
<!-- Generated by org.testng.reporters.JUnitXMLReporter -->
<testsuite ignored="0" hostname="RenanRibeiro" failures="1" tests="1" name="Surefire test" time="18.171" errors="0" timestamp="2025-11-08T02:22:39 BRT">
  <testcase classname="web.J_RegisterTest" name="testFullRegisterForm" time="6.887">
    <failure type="java.lang.AssertionError" message="Registro não foi concluído com sucesso! URL não mudou. expected [true] but found [false]">
      <![CDATA[java.lang.AssertionError: Registro não foi concluído com sucesso! URL não mudou. expected [true] but found [false]
at web.J_RegisterTest.testFullRegisterForm(J_RegisterTest.java:68)
at java.base/java.util.ArrayList.forEach(ArrayList.java:1604)
... Removed 33 stack frames]]>
    </failure>
  </testcase> <!-- testFullRegisterForm -->
</testsuite> <!-- Surefire test -->
