<?xml version="1.0" encoding="UTF-8"?>
<!-- Generated by org.testng.reporters.JUnitReportReporter -->
<testsuite hostname="RenanRibeiro" failures="0" tests="4" name="api.ProductApiTest" time="3.205" errors="0" timestamp="2025-11-08T01:24:57 BRT" skipped="0">
  <testcase classname="api.ProductApiTest" name="createProduct" time="2.037"/>
  <testcase classname="api.ProductApiTest" name="deleteProduct" time="0.233"/>
  <testcase classname="api.ProductApiTest" name="listProducts" time="0.371"/>
  <testcase classname="api.ProductApiTest" name="updateProduct" time="0.564"/>
</testsuite> <!-- api.ProductApiTest -->
